2026-04-28 21:57:59 | Jen | Viewed Low Stock
2026-04-28 21:58:11 | Jen | Viewed Sales Report
2026-04-28 21:58:59 | Jen | Exited System
2026-04-28 22:05:57 | Jen | Viewed Sales Report
2026-04-28 22:16:10 | Jen | Exited System
2026-04-28 22:17:42 | Jen | Viewed Low Stock
2026-04-28 22:17:49 | Jen | Viewed Sales Report
2026-04-28 22:19:41 | Jen | Exited System
2026-04-28 22:26:25 | Jen | Viewed Low Stock
2026-04-28 22:26:29 | Jen | Viewed Sales Report
2026-04-28 22:26:37 | Jen | Searched Product
2026-04-28 22:29:31 | Jen | Searched Product
2026-04-28 22:30:35 | Jen | Exited System
2026-04-28 22:32:30 | Jen | Searched Product
2026-04-28 22:33:29 | Jen | Exited System
2026-04-28 22:36:35 | Jen | Viewed Sales Report
2026-04-28 22:36:42 | Jen | Searched Product
2026-04-28 22:38:13 | Jen | Searched Product
2026-04-28 22:38:29 | Jen | Checkout Started
2026-04-28 22:42:19 | Jen | Checkout Started
2026-04-28 22:43:37 | Jen | Backup System
2026-04-28 22:51:37 | Jen | Exited System
2026-04-28 22:56:58 | Solomon | Viewed Low Stock
2026-04-28 22:57:08 | Solomon | Viewed Sales Report
2026-04-28 22:57:25 | Solomon | Searched Product
2026-04-28 22:58:11 | Solomon | Checkout Started
2026-04-28 22:58:42 | Solomon | Searched Product
2026-04-28 22:59:18 | Solomon | Backup System Executed
